#
# There is insufficient memory for the Java Runtime Environment to continue.
# Native memory allocation (malloc) failed to allocate 688976 bytes for Chunk::new
# Possible reasons:
#   The system is out of physical RAM or swap space
#   The process is running with CompressedOops enabled, and the Java Heap may be blocking the growth of the native heap
# Possible solutions:
#   Reduce memory load on the system
#   Increase physical memory or swap space
#   Check if swap backing store is full
#   Decrease Java heap size (-Xmx/-Xms)
#   Decrease number of Java threads
#   Decrease Java thread stack sizes (-Xss)
#   Set larger code cache with -XX:ReservedCodeCacheSize=
#   JVM is running with Unscaled Compressed Oops mode in which the Java heap is
#     placed in the first 4GB address space. The Java Heap base address is the
#     maximum limit for the native heap growth. Please use -XX:HeapBaseMinAddress
#     to set the Java Heap base and to place the Java Heap above 4GB virtual address.
# This output file may be truncated or incomplete.
#
#  Out of Memory Error (./src/hotspot/share/memory/arena.cpp:197), pid=30708, tid=19116
#
# JRE version: OpenJDK Runtime Environment (11.0.10) (build 11.0.10+0-b96-7249189)
# Java VM: OpenJDK 64-Bit Server VM (11.0.10+0-b96-7249189, mixed mode, tiered, compressed oops, g1 gc, windows-amd64)
# No core dump will be written. Minidumps are not enabled by default on client versions of Windows
#

---------------  S U M M A R Y ------------

Command Line: --add-opens=java.base/java.util=ALL-UNNAMED --add-opens=java.base/java.lang=ALL-UNNAMED --add-opens=java.base/java.lang.invoke=ALL-UNNAMED --add-opens=java.base/java.util=ALL-UNNAMED --add-opens=java.prefs/java.util.prefs=ALL-UNNAMED --add-opens=java.prefs/java.util.prefs=ALL-UNNAMED --add-opens=java.base/java.nio.charset=ALL-UNNAMED --add-opens=java.base/java.net=ALL-UNNAMED --add-opens=java.base/java.util.concurrent.atomic=ALL-UNNAMED -Xmx2048m -Dfile.encoding=UTF-8 -Duser.country=US -Duser.language=en -Duser.variant org.gradle.launcher.daemon.bootstrap.GradleDaemon 7.0.2

Host: Intel(R) Core(TM) i7-9750H CPU @ 2.60GHz, 12 cores, 15G,  Windows 10 , 64 bit Build 22000 (10.0.22000.708)
Time: Tue Jul  5 00:37:42 2022 W. Europe Daylight Time elapsed time: 5.962599 seconds (0d 0h 0m 5s)

---------------  T H R E A D  ---------------

Current thread (0x0000027cb5ccb000):  JavaThread "C2 CompilerThread0" daemon [_thread_in_native, id=19116, stack(0x000000b9aa000000,0x000000b9aa100000)]


Current CompileTask:
C2:   5962 3412       4       java.util.AbstractCollection::addAll (42 bytes)

Stack: [0x000000b9aa000000,0x000000b9aa100000]
Native frames: (J=compiled Java code, j=interpreted, Vv=VM code, C=native code)
V  [jvm.dll+0x5ecfaa]
V  [jvm.dll+0x722bd5]
V  [jvm.dll+0x72412d]
V  [jvm.dll+0x7247e3]
V  [jvm.dll+0x242928]
V  [jvm.dll+0xbc4fc]
V  [jvm.dll+0xbca0c]
V  [jvm.dll+0x352d7d]
V  [jvm.dll+0x197e0c]
V  [jvm.dll+0x1fb70e]
V  [jvm.dll+0x1fa7f4]
V  [jvm.dll+0x18354c]
V  [jvm.dll+0x208ee7]
V  [jvm.dll+0x207731]
V  [jvm.dll+0x6eb1cf]
V  [jvm.dll+0x6e3d45]
V  [jvm.dll+0x5ebe96]
C  [ucrtbase.dll+0x26c0c]
C  [KERNEL32.DLL+0x154e0]
C  [ntdll.dll+0x485b]


---------------  P R O C E S S  ---------------

Threads class SMR info:
_java_thread_list=0x0000027cb61c1ac0, length=34, elements={
0x0000027c98b8f000, 0x0000027cb5c5e000, 0x0000027cb5c63800, 0x0000027cb5cc0800,
0x0000027cb5cc1800, 0x0000027cb5cc4000, 0x0000027cb5ccb000, 0x0000027cb5ccd000,
0x0000027cb5cd7800, 0x0000027cb5cd6000, 0x0000027cb5cd6800, 0x0000027cb5cd4800,
0x0000027cb5cd2000, 0x0000027cb5cd8800, 0x0000027cb5cd3800, 0x0000027cb5cd2800,
0x0000027cb5cd5000, 0x0000027cb86fb000, 0x0000027cb86fb800, 0x0000027cb8700000,
0x0000027cb86fc800, 0x0000027cb86fa000, 0x0000027cb86fd800, 0x0000027cb86fe000,
0x0000027cb86ff000, 0x0000027cb8700800, 0x0000027cb8704000, 0x0000027cb8706800,
0x0000027cb8707000, 0x0000027cb8704800, 0x0000027cb8708000, 0x0000027cb8705800,
0x0000027cb8709000, 0x0000027cb5d1a000
}

Java Threads: ( => current thread )
  0x0000027c98b8f000 JavaThread "main" [_thread_blocked, id=10588, stack(0x000000b9a9400000,0x000000b9a9500000)]
  0x0000027cb5c5e000 JavaThread "Reference Handler" daemon [_thread_blocked, id=3792, stack(0x000000b9a9b00000,0x000000b9a9c00000)]
  0x0000027cb5c63800 JavaThread "Finalizer" daemon [_thread_blocked, id=33180, stack(0x000000b9a9c00000,0x000000b9a9d00000)]
  0x0000027cb5cc0800 JavaThread "Signal Dispatcher" daemon [_thread_blocked, id=30864, stack(0x000000b9a9d00000,0x000000b9a9e00000)]
  0x0000027cb5cc1800 JavaThread "Attach Listener" daemon [_thread_blocked, id=32996, stack(0x000000b9a9e00000,0x000000b9a9f00000)]
  0x0000027cb5cc4000 JavaThread "Service Thread" daemon [_thread_blocked, id=344, stack(0x000000b9a9f00000,0x000000b9aa000000)]
=>0x0000027cb5ccb000 JavaThread "C2 CompilerThread0" daemon [_thread_in_native, id=19116, stack(0x000000b9aa000000,0x000000b9aa100000)]
  0x0000027cb5ccd000 JavaThread "C1 CompilerThread0" daemon [_thread_blocked, id=27596, stack(0x000000b9aa100000,0x000000b9aa200000)]
  0x0000027cb5cd7800 JavaThread "Sweeper thread" daemon [_thread_blocked, id=224, stack(0x000000b9aa200000,0x000000b9aa300000)]
  0x0000027cb5cd6000 JavaThread "Common-Cleaner" daemon [_thread_blocked, id=31228, stack(0x000000b9aa300000,0x000000b9aa400000)]
  0x0000027cb5cd6800 JavaThread "Daemon health stats" [_thread_blocked, id=26952, stack(0x000000b9aac00000,0x000000b9aad00000)]
  0x0000027cb5cd4800 JavaThread "Incoming local TCP Connector on port 54808" [_thread_in_native, id=16652, stack(0x000000b9aa500000,0x000000b9aa600000)]
  0x0000027cb5cd2000 JavaThread "Daemon periodic checks" [_thread_blocked, id=32172, stack(0x000000b9aa600000,0x000000b9aa700000)]
  0x0000027cb5cd8800 JavaThread "Daemon" [_thread_blocked, id=25304, stack(0x000000b9aad00000,0x000000b9aae00000)]
  0x0000027cb5cd3800 JavaThread "Handler for socket connection from /127.0.0.1:54808 to /127.0.0.1:54809" [_thread_in_native, id=20168, stack(0x000000b9aae00000,0x000000b9aaf00000)]
  0x0000027cb5cd2800 JavaThread "Cancel handler" [_thread_blocked, id=19344, stack(0x000000b9aaf00000,0x000000b9ab000000)]
  0x0000027cb5cd5000 JavaThread "Daemon worker" [_thread_blocked, id=34628, stack(0x000000b9ab000000,0x000000b9ab100000)]
  0x0000027cb86fb000 JavaThread "Asynchronous log dispatcher for DefaultDaemonConnection: socket connection from /127.0.0.1:54808 to /127.0.0.1:54809" [_thread_blocked, id=33456, stack(0x000000b9ab100000,0x000000b9ab200000)]
  0x0000027cb86fb800 JavaThread "Stdin handler" [_thread_blocked, id=7568, stack(0x000000b9ab200000,0x000000b9ab300000)]
  0x0000027cb8700000 JavaThread "Daemon client event forwarder" [_thread_blocked, id=17576, stack(0x000000b9ab300000,0x000000b9ab400000)]
  0x0000027cb86fc800 JavaThread "Cache worker for file hash cache (C:\Users\rayan\.gradle\caches\7.0.2\fileHashes)" [_thread_blocked, id=34280, stack(0x000000b9ab400000,0x000000b9ab500000)]
  0x0000027cb86fa000 JavaThread "File lock request listener" [_thread_in_native, id=3244, stack(0x000000b9ab500000,0x000000b9ab600000)]
  0x0000027cb86fd800 JavaThread "Cache worker for journal cache (C:\Users\rayan\.gradle\caches\journal-1)" [_thread_blocked, id=16060, stack(0x000000b9abc00000,0x000000b9abd00000)]
  0x0000027cb86fe000 JavaThread "Cache worker for file hash cache (C:\Users\rayan\AndroidStudioProjects\new2\Sked\.gradle\7.0.2\fileHashes)" [_thread_blocked, id=14368, stack(0x000000b9abd00000,0x000000b9abe00000)]
  0x0000027cb86ff000 JavaThread "File watcher server" daemon [_thread_in_native, id=19348, stack(0x000000b9abe00000,0x000000b9abf00000)]
  0x0000027cb8700800 JavaThread "File watcher consumer" daemon [_thread_blocked, id=18408, stack(0x000000b9abf00000,0x000000b9ac000000)]
  0x0000027cb8704000 JavaThread "Cache worker for checksums cache (C:\Users\rayan\AndroidStudioProjects\new2\Sked\.gradle\checksums)" [_thread_blocked, id=28512, stack(0x000000b9ac000000,0x000000b9ac100000)]
  0x0000027cb8706800 JavaThread "Cache worker for cache directory md-supplier (C:\Users\rayan\.gradle\caches\7.0.2\md-supplier)" [_thread_blocked, id=32280, stack(0x000000b9ac100000,0x000000b9ac200000)]
  0x0000027cb8707000 JavaThread "Cache worker for cache directory md-rule (C:\Users\rayan\.gradle\caches\7.0.2\md-rule)" [_thread_blocked, id=22408, stack(0x000000b9ac200000,0x000000b9ac300000)]
  0x0000027cb8704800 JavaThread "Cache worker for execution history cache (C:\Users\rayan\.gradle\caches\7.0.2\executionHistory)" [_thread_blocked, id=10928, stack(0x000000b9ac300000,0x000000b9ac400000)]
  0x0000027cb8708000 JavaThread "jar transforms" [_thread_blocked, id=31972, stack(0x000000b9ac400000,0x000000b9ac500000)]
  0x0000027cb8705800 JavaThread "jar transforms Thread 2" [_thread_blocked, id=16536, stack(0x000000b9ac500000,0x000000b9ac600000)]
  0x0000027cb8709000 JavaThread "Cache worker for file content cache (C:\Users\rayan\.gradle\caches\7.0.2\fileContent)" [_thread_blocked, id=29788, stack(0x000000b9ac600000,0x000000b9ac700000)]
  0x0000027cb5d1a000 JavaThread "Cache worker for dependencies-accessors (C:\Users\rayan\AndroidStudioProjects\new2\Sked\.gradle\7.0.2\dependencies-accessors)" [_thread_blocked, id=33912, stack(0x000000b9ac700000,0x000000b9ac800000)]

Other Threads:
  0x0000027cb5c5a800 VMThread "VM Thread" [stack: 0x000000b9a9a00000,0x000000b9a9b00000] [id=18664]
  0x0000027cb5e8e000 WatcherThread [stack: 0x000000b9aa400000,0x000000b9aa500000] [id=13860]
  0x0000027c98ba8000 GCTaskThread "GC Thread#0" [stack: 0x000000b9a9500000,0x000000b9a9600000] [id=11568]
  0x0000027cb65ad000 GCTaskThread "GC Thread#1" [stack: 0x000000b9aa700000,0x000000b9aa800000] [id=26260]
  0x0000027cb69c6800 GCTaskThread "GC Thread#2" [stack: 0x000000b9aa800000,0x000000b9aa900000] [id=8564]
  0x0000027cb69c7000 GCTaskThread "GC Thread#3" [stack: 0x000000b9aa900000,0x000000b9aaa00000] [id=8228]
  0x0000027cb6ae0000 GCTaskThread "GC Thread#4" [stack: 0x000000b9aaa00000,0x000000b9aab00000] [id=31620]
  0x0000027cb6afb000 GCTaskThread "GC Thread#5" [stack: 0x000000b9aab00000,0x000000b9aac00000] [id=30400]
  0x0000027cb7415000 GCTaskThread "GC Thread#6" [stack: 0x000000b9ab600000,0x000000b9ab700000] [id=23612]
  0x0000027cb83f0800 GCTaskThread "GC Thread#7" [stack: 0x000000b9ab700000,0x000000b9ab800000] [id=33616]
  0x0000027cb8307000 GCTaskThread "GC Thread#8" [stack: 0x000000b9ab800000,0x000000b9ab900000] [id=8920]
  0x0000027cb726c800 GCTaskThread "GC Thread#9" [stack: 0x000000b9ab900000,0x000000b9aba00000] [id=22816]
  0x0000027c98bdc800 ConcurrentGCThread "G1 Main Marker" [stack: 0x000000b9a9600000,0x000000b9a9700000] [id=33704]
  0x0000027c98bdd800 ConcurrentGCThread "G1 Conc#0" [stack: 0x000000b9a9700000,0x000000b9a9800000] [id=9240]
  0x0000027cb697e800 ConcurrentGCThread "G1 Conc#1" [stack: 0x000000b9aba00000,0x000000b9abb00000] [id=32488]
  0x0000027cb800d000 ConcurrentGCThread "G1 Conc#2" [stack: 0x000000b9abb00000,0x000000b9abc00000] [id=6844]
  0x0000027cb52a7000 ConcurrentGCThread "G1 Refine#0" [stack: 0x000000b9a9800000,0x000000b9a9900000] [id=20996]
  0x0000027cb52a8000 ConcurrentGCThread "G1 Young RemSet Sampling" [stack: 0x000000b9a9900000,0x000000b9a9a00000] [id=1744]

Threads with active compile tasks:
C2 CompilerThread0   6018 3412       4       java.util.AbstractCollection::addAll (42 bytes)
C1 CompilerThread0   6018 3515       3       sun.reflect.generics.repository.AbstractRepository::<init> (19 bytes)

VM state:at safepoint (normal execution)

VM Mutex/Monitor currently owned by a thread:  ([mutex/lock_event])
[0x0000027c98b8ab10] Threads_lock - owner thread: 0x0000027cb5c5a800
[0x0000027c98b8a960] Heap_lock - owner thread: 0x0000027cb5cd5000

Heap address: 0x0000000080000000, size: 2048 MB, Compressed Oops mode: 32-bit
Narrow klass base: 0x0000000000000000, Narrow klass shift: 3
Compressed class space size: 1073741824 Address: 0x0000000100000000

Heap:
 garbage-first heap   total 260096K, used 88277K [0x0000000080000000, 0x0000000100000000)
  region size 1024K, 68 young (69632K), 6 survivors (6144K)
 Metaspace       used 39457K, capacity 40334K, committed 40448K, reserved 1085440K
  class space    used 5035K, capacity 5358K, committed 5376K, reserved 1048576K
Heap Regions: E=young(eden), S=young(survivor), O=old, HS=humongous(starts), HC=humongous(continues), CS=collection set, F=free, A=archive, TAMS=top-at-mark-start (previous, next)
|   0|0x0000000080000000, 0x0000000080100000, 0x0000000080100000|100%| O|  |TAMS 0x0000000080100000, 0x0000000080100000| Untracked 
|   1|0x0000000080100000, 0x0000000080200000, 0x0000000080200000|100%| O|  |TAMS 0x0000000080200000, 0x0000000080200000| Untracked 
|   2|0x0000000080200000, 0x0000000080300000, 0x0000000080300000|100%| O|  |TAMS 0x0000000080300000, 0x0000000080300000| Untracked 
|   3|0x0000000080300000, 0x0000000080400000, 0x0000000080400000|100%|HS|  |TAMS 0x0000000080400000, 0x0000000080400000| Complete 
|   4|0x0000000080400000, 0x0000000080500000, 0x0000000080500000|100%|HC|  |TAMS 0x0000000080500000, 0x0000000080500000| Complete 
|   5|0x0000000080500000, 0x0000000080600000, 0x0000000080600000|100%|HC|  |TAMS 0x0000000080600000, 0x0000000080600000| Complete 
|   6|0x0000000080600000, 0x0000000080700000, 0x0000000080700000|100%| O|  |TAMS 0x0000000080700000, 0x0000000080700000| Untracked 
|   7|0x0000000080700000, 0x0000000080800000, 0x0000000080800000|100%| O|  |TAMS 0x0000000080800000, 0x0000000080800000| Untracked 
|   8|0x0000000080800000, 0x0000000080900000, 0x0000000080900000|100%| O|  |TAMS 0x0000000080900000, 0x0000000080900000| Untracked 
|   9|0x0000000080900000, 0x0000000080a00000, 0x0000000080a00000|100%| O|  |TAMS 0x0000000080a00000, 0x0000000080a00000| Untracked 
|  10|0x0000000080a00000, 0x0000000080b00000, 0x0000000080b00000|100%| O|  |TAMS 0x0000000080b00000, 0x0000000080b00000| Untracked 
|  11|0x0000000080b00000, 0x0000000080c00000, 0x0000000080c00000|100%| O|  |TAMS 0x0000000080c00000, 0x0000000080c00000| Untracked 
|  12|0x0000000080c00000, 0x0000000080d00000, 0x0000000080d00000|100%| O|  |TAMS 0x0000000080d00000, 0x0000000080d00000| Untracked 
|  13|0x0000000080d00000, 0x0000000080e00000, 0x0000000080e00000|100%| O|  |TAMS 0x0000000080e00000, 0x0000000080e00000| Untracked 
|  14|0x0000000080e00000, 0x0000000080f00000, 0x0000000080f00000|100%| O|  |TAMS 0x0000000080f00000, 0x0000000080f00000| Untracked 
|  15|0x0000000080f00000, 0x0000000081000000, 0x0000000081000000|100%| O|  |TAMS 0x0000000081000000, 0x0000000081000000| Untracked 
|  16|0x0000000081000000, 0x0000000081037a00, 0x0000000081100000| 21%| O|  |TAMS 0x0000000081037a00, 0x0000000081100000| Untracked 
|  17|0x0000000081100000, 0x0000000081200000, 0x0000000081200000|100%|HS|  |TAMS 0x0000000081100000, 0x0000000081200000| Complete 
|  18|0x0000000081200000, 0x0000000081300000, 0x0000000081300000|100%|HS|  |TAMS 0x0000000081200000, 0x0000000081300000| Complete 
|  19|0x0000000081300000, 0x0000000081400000, 0x0000000081400000|100%|HC|  |TAMS 0x0000000081300000, 0x0000000081400000| Complete 
|  20|0x0000000081400000, 0x0000000081400000, 0x0000000081500000|  0%| F|  |TAMS 0x0000000081400000, 0x0000000081400000| Untracked 
|  21|0x0000000081500000, 0x0000000081500000, 0x0000000081600000|  0%| F|  |TAMS 0x0000000081500000, 0x0000000081500000| Untracked 
|  22|0x0000000081600000, 0x0000000081600000, 0x0000000081700000|  0%| F|  |TAMS 0x0000000081600000, 0x0000000081600000| Untracked 
|  23|0x0000000081700000, 0x0000000081700000, 0x0000000081800000|  0%| F|  |TAMS 0x0000000081700000, 0x0000000081700000| Untracked 
|  24|0x0000000081800000, 0x0000000081800000, 0x0000000081900000|  0%| F|  |TAMS 0x0000000081800000, 0x0000000081800000| Untracked 
|  25|0x0000000081900000, 0x0000000081900000, 0x0000000081a00000|  0%| F|  |TAMS 0x0000000081900000, 0x0000000081900000| Untracked 
|  26|0x0000000081a00000, 0x0000000081a00000, 0x0000000081b00000|  0%| F|  |TAMS 0x0000000081a00000, 0x0000000081a00000| Untracked 
|  27|0x0000000081b00000, 0x0000000081b00000, 0x0000000081c00000|  0%| F|  |TAMS 0x0000000081b00000, 0x0000000081b00000| Untracked 
|  28|0x0000000081c00000, 0x0000000081c00000, 0x0000000081d00000|  0%| F|  |TAMS 0x0000000081c00000, 0x0000000081c00000| Untracked 
|  29|0x0000000081d00000, 0x0000000081d00000, 0x0000000081e00000|  0%| F|  |TAMS 0x0000000081d00000, 0x0000000081d00000| Untracked 
|  30|0x0000000081e00000, 0x0000000081e00000, 0x0000000081f00000|  0%| F|  |TAMS 0x0000000081e00000, 0x0000000081e00000| Untracked 
|  31|0x0000000081f00000, 0x0000000081f00000, 0x0000000082000000|  0%| F|  |TAMS 0x0000000081f00000, 0x0000000081f00000| Untracked 
|  32|0x0000000082000000, 0x0000000082000000, 0x0000000082100000|  0%| F|  |TAMS 0x0000000082000000, 0x0000000082000000| Untracked 
|  33|0x0000000082100000, 0x0000000082100000, 0x0000000082200000|  0%| F|  |TAMS 0x0000000082100000, 0x0000000082100000| Untracked 
|  34|0x0000000082200000, 0x0000000082200000, 0x0000000082300000|  0%| F|  |TAMS 0x0000000082200000, 0x0000000082200000| Untracked 
|  35|0x0000000082300000, 0x0000000082300000, 0x0000000082400000|  0%| F|  |TAMS 0x0000000082300000, 0x0000000082300000| Untracked 
|  36|0x0000000082400000, 0x0000000082400000, 0x0000000082500000|  0%| F|  |TAMS 0x0000000082400000, 0x0000000082400000| Untracked 
|  37|0x0000000082500000, 0x0000000082500000, 0x0000000082600000|  0%| F|  |TAMS 0x0000000082500000, 0x0000000082500000| Untracked 
|  38|0x0000000082600000, 0x0000000082600000, 0x0000000082700000|  0%| F|  |TAMS 0x0000000082600000, 0x0000000082600000| Untracked 
|  39|0x0000000082700000, 0x0000000082700000, 0x0000000082800000|  0%| F|  |TAMS 0x0000000082700000, 0x0000000082700000| Untracked 
|  40|0x0000000082800000, 0x0000000082800000, 0x0000000082900000|  0%| F|  |TAMS 0x0000000082800000, 0x0000000082800000| Untracked 
|  41|0x0000000082900000, 0x0000000082900000, 0x0000000082a00000|  0%| F|  |TAMS 0x0000000082900000, 0x0000000082900000| Untracked 
|  42|0x0000000082a00000, 0x0000000082a00000, 0x0000000082b00000|  0%| F|  |TAMS 0x0000000082a00000, 0x0000000082a00000| Untracked 
|  43|0x0000000082b00000, 0x0000000082b00000, 0x0000000082c00000|  0%| F|  |TAMS 0x0000000082b00000, 0x0000000082b00000| Untracked 
|  44|0x0000000082c00000, 0x0000000082c00000, 0x0000000082d00000|  0%| F|  |TAMS 0x0000000082c00000, 0x0000000082c00000| Untracked 
|  45|0x0000000082d00000, 0x0000000082d00000, 0x0000000082e00000|  0%| F|  |TAMS 0x0000000082d00000, 0x0000000082d00000| Untracked 
|  46|0x0000000082e00000, 0x0000000082e00000, 0x0000000082f00000|  0%| F|  |TAMS 0x0000000082e00000, 0x0000000082e00000| Untracked 
|  47|0x0000000082f00000, 0x0000000082f00000, 0x0000000083000000|  0%| F|  |TAMS 0x0000000082f00000, 0x0000000082f00000| Untracked 
|  48|0x0000000083000000, 0x0000000083000000, 0x0000000083100000|  0%| F|  |TAMS 0x0000000083000000, 0x0000000083000000| Untracked 
|  49|0x0000000083100000, 0x0000000083100000, 0x0000000083200000|  0%| F|  |TAMS 0x0000000083100000, 0x0000000083100000| Untracked 
|  50|0x0000000083200000, 0x0000000083200000, 0x0000000083300000|  0%| F|  |TAMS 0x0000000083200000, 0x0000000083200000| Untracked 
|  51|0x0000000083300000, 0x0000000083300000, 0x0000000083400000|  0%| F|  |TAMS 0x0000000083300000, 0x0000000083300000| Untracked 
|  52|0x0000000083400000, 0x0000000083400000, 0x0000000083500000|  0%| F|  |TAMS 0x0000000083400000, 0x0000000083400000| Untracked 
|  53|0x0000000083500000, 0x0000000083500000, 0x0000000083600000|  0%| F|  |TAMS 0x0000000083500000, 0x0000000083500000| Untracked 
|  54|0x0000000083600000, 0x0000000083600000, 0x0000000083700000|  0%| F|  |TAMS 0x0000000083600000, 0x0000000083600000| Untracked 
|  55|0x0000000083700000, 0x0000000083700000, 0x0000000083800000|  0%| F|  |TAMS 0x0000000083700000, 0x0000000083700000| Untracked 
|  56|0x0000000083800000, 0x0000000083800000, 0x0000000083900000|  0%| F|  |TAMS 0x0000000083800000, 0x0000000083800000| Untracked 
|  57|0x0000000083900000, 0x0000000083900000, 0x0000000083a00000|  0%| F|  |TAMS 0x0000000083900000, 0x0000000083900000| Untracked 
|  58|0x0000000083a00000, 0x0000000083a00000, 0x0000000083b00000|  0%| F|  |TAMS 0x0000000083a00000, 0x0000000083a00000| Untracked 
|  59|0x0000000083b00000, 0x0000000083b00000, 0x0000000083c00000|  0%| F|  |TAMS 0x0000000083b00000, 0x0000000083b00000| Untracked 
|  60|0x0000000083c00000, 0x0000000083c00000, 0x0000000083d00000|  0%| F|  |TAMS 0x0000000083c00000, 0x0000000083c00000| Untracked 
|  61|0x0000000083d00000, 0x0000000083d00000, 0x0000000083e00000|  0%| F|  |TAMS 0x0000000083d00000, 0x0000000083d00000| Untracked 
|  62|0x0000000083e00000, 0x0000000083e00000, 0x0000000083f00000|  0%| F|  |TAMS 0x0000000083e00000, 0x0000000083e00000| Untracked 
|  63|0x0000000083f00000, 0x0000000083f00000, 0x0000000084000000|  0%| F|  |TAMS 0x0000000083f00000, 0x0000000083f00000| Untracked 
|  64|0x0000000084000000, 0x0000000084000000, 0x0000000084100000|  0%| F|  |TAMS 0x0000000084000000, 0x0000000084000000| Untracked 
|  65|0x0000000084100000, 0x0000000084100000, 0x0000000084200000|  0%| F|  |TAMS 0x0000000084100000, 0x0000000084100000| Untracked 
|  66|0x0000000084200000, 0x0000000084200000, 0x0000000084300000|  0%| F|  |TAMS 0x0000000084200000, 0x0000000084200000| Untracked 
|  67|0x0000000084300000, 0x0000000084300000, 0x0000000084400000|  0%| F|  |TAMS 0x0000000084300000, 0x0000000084300000| Untracked 
|  68|0x0000000084400000, 0x0000000084400000, 0x0000000084500000|  0%| F|  |TAMS 0x0000000084400000, 0x0000000084400000| Untracked 
|  69|0x0000000084500000, 0x0000000084500000, 0x0000000084600000|  0%| F|  |TAMS 0x0000000084500000, 0x0000000084500000| Untracked 
|  70|0x0000000084600000, 0x0000000084600000, 0x0000000084700000|  0%| F|  |TAMS 0x0000000084600000, 0x0000000084600000| Untracked 
|  71|0x0000000084700000, 0x0000000084700000, 0x0000000084800000|  0%| F|  |TAMS 0x0000000084700000, 0x0000000084700000| Untracked 
|  72|0x0000000084800000, 0x0000000084800000, 0x0000000084900000|  0%| F|  |TAMS 0x0000000084800000, 0x0000000084800000| Untracked 
|  73|0x0000000084900000, 0x0000000084900000, 0x0000000084a00000|  0%| F|  |TAMS 0x0000000084900000, 0x0000000084900000| Untracked 
|  74|0x0000000084a00000, 0x0000000084a00000, 0x0000000084b00000|  0%| F|  |TAMS 0x0000000084a00000, 0x0000000084a00000| Untracked 
|  75|0x0000000084b00000, 0x0000000084b00000, 0x0000000084c00000|  0%| F|  |TAMS 0x0000000084b00000, 0x0000000084b00000| Untracked 
|  76|0x0000000084c00000, 0x0000000084c00000, 0x0000000084d00000|  0%| F|  |TAMS 0x0000000084c00000, 0x0000000084c00000| Untracked 
|  77|0x0000000084d00000, 0x0000000084d00000, 0x0000000084e00000|  0%| F|  |TAMS 0x0000000084d00000, 0x0000000084d00000| Untracked 
|  78|0x0000000084e00000, 0x0000000084e00000, 0x0000000084f00000|  0%| F|  |TAMS 0x0000000084e00000, 0x0000000084e00000| Untracked 
|  79|0x0000000084f00000, 0x0000000084f00000, 0x0000000085000000|  0%| F|  |TAMS 0x0000000084f00000, 0x0000000084f00000| Untracked 
|  80|0x0000000085000000, 0x0000000085000000, 0x0000000085100000|  0%| F|  |TAMS 0x0000000085000000, 0x0000000085000000| Untracked 
|  81|0x0000000085100000, 0x0000000085100000, 0x0000000085200000|  0%| F|  |TAMS 0x0000000085100000, 0x0000000085100000| Untracked 
|  82|0x0000000085200000, 0x0000000085200000, 0x0000000085300000|  0%| F|  |TAMS 0x0000000085200000, 0x0000000085200000| Untracked 
|  83|0x0000000085300000, 0x0000000085300000, 0x0000000085400000|  0%| F|  |TAMS 0x0000000085300000, 0x0000000085300000| Untracked 
|  84|0x0000000085400000, 0x0000000085400000, 0x0000000085500000|  0%| F|  |TAMS 0x0000000085400000, 0x0000000085400000| Untracked 
|  85|0x0000000085500000, 0x0000000085500000, 0x0000000085600000|  0%| F|  |TAMS 0x0000000085500000, 0x0000000085500000| Untracked 
|  86|0x0000000085600000, 0x0000000085600000, 0x0000000085700000|  0%| F|  |TAMS 0x0000000085600000, 0x0000000085600000| Untracked 
|  87|0x0000000085700000, 0x0000000085700000, 0x0000000085800000|  0%| F|  |TAMS 0x0000000085700000, 0x0000000085700000| Untracked 
|  88|0x0000000085800000, 0x0000000085800000, 0x0000000085900000|  0%| F|  |TAMS 0x0000000085800000, 0x0000000085800000| Untracked 
|  89|0x0000000085900000, 0x0000000085900000, 0x0000000085a00000|  0%| F|  |TAMS 0x0000000085900000, 0x0000000085900000| Untracked 
|  90|0x0000000085a00000, 0x0000000085a00000, 0x0000000085b00000|  0%| F|  |TAMS 0x0000000085a00000, 0x0000000085a00000| Untracked 
|  91|0x0000000085b00000, 0x0000000085b00000, 0x0000000085c00000|  0%| F|  |TAMS 0x0000000085b00000, 0x0000000085b00000| Untracked 
|  92|0x0000000085c00000, 0x0000000085c00000, 0x0000000085d00000|  0%| F|  |TAMS 0x0000000085c00000, 0x0000000085c00000| Untracked 
|  93|0x0000000085d00000, 0x0000000085d00000, 0x0000000085e00000|  0%| F|  |TAMS 0x0000000085d00000, 0x0000000085d00000| Untracked 
|  94|0x0000000085e00000, 0x0000000085e00000, 0x0000000085f00000|  0%| F|  |TAMS 0x0000000085e00000, 0x0000000085e00000| Untracked 
|  95|0x0000000085f00000, 0x0000000085f00000, 0x0000000086000000|  0%| F|  |TAMS 0x0000000085f00000, 0x0000000085f00000| Untracked 
|  96|0x0000000086000000, 0x0000000086000000, 0x0000000086100000|  0%| F|  |TAMS 0x0000000086000000, 0x0000000086000000| Untracked 
|  97|0x0000000086100000, 0x0000000086100000, 0x0000000086200000|  0%| F|  |TAMS 0x0000000086100000, 0x0000000086100000| Untracked 
|  98|0x0000000086200000, 0x0000000086200000, 0x0000000086300000|  0%| F|  |TAMS 0x0000000086200000, 0x0000000086200000| Untracked 
|  99|0x0000000086300000, 0x0000000086300000, 0x0000000086400000|  0%| F|  |TAMS 0x0000000086300000, 0x0000000086300000| Untracked 
| 100|0x0000000086400000, 0x0000000086400000, 0x0000000086500000|  0%| F|  |TAMS 0x0000000086400000, 0x0000000086400000| Untracked 
| 101|0x0000000086500000, 0x0000000086500000, 0x0000000086600000|  0%| F|  |TAMS 0x0000000086500000, 0x0000000086500000| Untracked 
| 102|0x0000000086600000, 0x0000000086600000, 0x0000000086700000|  0%| F|  |TAMS 0x0000000086600000, 0x0000000086600000| Untracked 
| 103|0x0000000086700000, 0x0000000086700000, 0x0000000086800000|  0%| F|  |TAMS 0x0000000086700000, 0x0000000086700000| Untracked 
| 104|0x0000000086800000, 0x0000000086800000, 0x0000000086900000|  0%| F|  |TAMS 0x0000000086800000, 0x0000000086800000| Untracked 
| 105|0x0000000086900000, 0x0000000086900000, 0x0000000086a00000|  0%| F|  |TAMS 0x0000000086900000, 0x0000000086900000| Untracked 
| 106|0x0000000086a00000, 0x0000000086a00000, 0x0000000086b00000|  0%| F|  |TAMS 0x0000000086a00000, 0x0000000086a00000| Untracked 
| 107|0x0000000086b00000, 0x0000000086b00000, 0x0000000086c00000|  0%| F|  |TAMS 0x0000000086b00000, 0x0000000086b00000| Untracked 
| 108|0x0000000086c00000, 0x0000000086c00000, 0x0000000086d00000|  0%| F|  |TAMS 0x0000000086c00000, 0x0000000086c00000| Untracked 
| 109|0x0000000086d00000, 0x0000000086d00000, 0x0000000086e00000|  0%| F|  |TAMS 0x0000000086d00000, 0x0000000086d00000| Untracked 
| 110|0x0000000086e00000, 0x0000000086e00000, 0x0000000086f00000|  0%| F|  |TAMS 0x0000000086e00000, 0x0000000086e00000| Untracked 
| 111|0x0000000086f00000, 0x0000000086f00000, 0x0000000087000000|  0%| F|  |TAMS 0x0000000086f00000, 0x0000000086f00000| Untracked 
| 112|0x0000000087000000, 0x0000000087000000, 0x0000000087100000|  0%| F|  |TAMS 0x0000000087000000, 0x0000000087000000| Untracked 
| 113|0x0000000087100000, 0x0000000087100000, 0x0000000087200000|  0%| F|  |TAMS 0x0000000087100000, 0x0000000087100000| Untracked 
| 114|0x0000000087200000, 0x0000000087200000, 0x0000000087300000|  0%| F|  |TAMS 0x0000000087200000, 0x0000000087200000| Untracked 
| 115|0x0000000087300000, 0x0000000087300000, 0x0000000087400000|  0%| F|  |TAMS 0x0000000087300000, 0x0000000087300000| Untracked 
| 116|0x0000000087400000, 0x0000000087400000, 0x0000000087500000|  0%| F|  |TAMS 0x0000000087400000, 0x0000000087400000| Untracked 
| 117|0x0000000087500000, 0x0000000087500000, 0x0000000087600000|  0%| F|  |TAMS 0x0000000087500000, 0x0000000087500000| Untracked 
| 118|0x0000000087600000, 0x0000000087600000, 0x0000000087700000|  0%| F|  |TAMS 0x0000000087600000, 0x0000000087600000| Untracked 
| 119|0x0000000087700000, 0x0000000087700000, 0x0000000087800000|  0%| F|  |TAMS 0x0000000087700000, 0x0000000087700000| Untracked 
| 120|0x0000000087800000, 0x0000000087800000, 0x0000000087900000|  0%| F|  |TAMS 0x0000000087800000, 0x0000000087800000| Untracked 
| 121|0x0000000087900000, 0x0000000087900000, 0x0000000087a00000|  0%| F|  |TAMS 0x0000000087900000, 0x0000000087900000| Untracked 
| 122|0x0000000087a00000, 0x0000000087a00000, 0x0000000087b00000|  0%| F|  |TAMS 0x0000000087a00000, 0x0000000087a00000| Untracked 
| 123|0x0000000087b00000, 0x0000000087b00000, 0x0000000087c00000|  0%| F|  |TAMS 0x0000000087b00000, 0x0000000087b00000| Untracked 
| 124|0x0000000087c00000, 0x0000000087c00000, 0x0000000087d00000|  0%| F|  |TAMS 0x0000000087c00000, 0x0000000087c00000| Untracked 
| 125|0x0000000087d00000, 0x0000000087d00000, 0x0000000087e00000|  0%| F|  |TAMS 0x0000000087d00000, 0x0000000087d00000| Untracked 
| 126|0x0000000087e00000, 0x0000000087e00000, 0x0000000087f00000|  0%| F|  |TAMS 0x0000000087e00000, 0x0000000087e00000| Untracked 
| 127|0x0000000087f00000, 0x0000000087f00000, 0x0000000088000000|  0%| F|  |TAMS 0x0000000087f00000, 0x0000000087f00000| Untracked 
| 128|0x0000000088000000, 0x0000000088000000, 0x0000000088100000|  0%| F|  |TAMS 0x0000000088000000, 0x0000000088000000| Untracked 
| 129|0x0000000088100000, 0x0000000088100000, 0x0000000088200000|  0%| F|  |TAMS 0x0000000088100000, 0x0000000088100000| Untracked 
| 130|0x0000000088200000, 0x0000000088200000, 0x0000000088300000|  0%| F|  |TAMS 0x0000000088200000, 0x0000000088200000| Untracked 
| 131|0x0000000088300000, 0x0000000088300000, 0x0000000088400000|  0%| F|  |TAMS 0x0000000088300000, 0x0000000088300000| Untracked 
| 132|0x0000000088400000, 0x0000000088400000, 0x0000000088500000|  0%| F|  |TAMS 0x0000000088400000, 0x0000000088400000| Untracked 
| 133|0x0000000088500000, 0x0000000088500000, 0x0000000088600000|  0%| F|  |TAMS 0x0000000088500000, 0x0000000088500000| Untracked 
| 134|0x0000000088600000, 0x0000000088600000, 0x0000000088700000|  0%| F|  |TAMS 0x0000000088600000, 0x0000000088600000| Untracked 
| 135|0x0000000088700000, 0x0000000088700000, 0x0000000088800000|  0%| F|  |TAMS 0x0000000088700000, 0x0000000088700000| Untracked 
| 136|0x0000000088800000, 0x0000000088800000, 0x0000000088900000|  0%| F|  |TAMS 0x0000000088800000, 0x0000000088800000| Untracked 
| 137|0x0000000088900000, 0x0000000088900000, 0x0000000088a00000|  0%| F|  |TAMS 0x0000000088900000, 0x0000000088900000| Untracked 
| 138|0x0000000088a00000, 0x0000000088a00000, 0x0000000088b00000|  0%| F|  |TAMS 0x0000000088a00000, 0x0000000088a00000| Untracked 
| 139|0x0000000088b00000, 0x0000000088b00000, 0x0000000088c00000|  0%| F|  |TAMS 0x0000000088b00000, 0x0000000088b00000| Untracked 
| 140|0x0000000088c00000, 0x0000000088c00000, 0x0000000088d00000|  0%| F|  |TAMS 0x0000000088c00000, 0x0000000088c00000| Untracked 
| 141|0x0000000088d00000, 0x0000000088d00000, 0x0000000088e00000|  0%| F|  |TAMS 0x0000000088d00000, 0x0000000088d00000| Untracked 
| 142|0x0000000088e00000, 0x0000000088e00000, 0x0000000088f00000|  0%| F|  |TAMS 0x0000000088e00000, 0x0000000088e00000| Untracked 
| 143|0x0000000088f00000, 0x0000000088f00000, 0x0000000089000000|  0%| F|  |TAMS 0x0000000088f00000, 0x0000000088f00000| Untracked 
| 144|0x0000000089000000, 0x0000000089000000, 0x0000000089100000|  0%| F|  |TAMS 0x0000000089000000, 0x0000000089000000| Untracked 
| 145|0x0000000089100000, 0x0000000089100000, 0x0000000089200000|  0%| F|  |TAMS 0x0000000089100000, 0x0000000089100000| Untracked 
| 146|0x0000000089200000, 0x0000000089200000, 0x0000000089300000|  0%| F|  |TAMS 0x0000000089200000, 0x0000000089200000| Untracked 
| 147|0x0000000089300000, 0x0000000089300000, 0x0000000089400000|  0%| F|  |TAMS 0x0000000089300000, 0x0000000089300000| Untracked 
| 148|0x0000000089400000, 0x0000000089400000, 0x0000000089500000|  0%| F|  |TAMS 0x0000000089400000, 0x0000000089400000| Untracked 
| 149|0x0000000089500000, 0x0000000089500000, 0x0000000089600000|  0%| F|  |TAMS 0x0000000089500000, 0x0000000089500000| Untracked 
| 150|0x0000000089600000, 0x0000000089600000, 0x0000000089700000|  0%| F|  |TAMS 0x0000000089600000, 0x0000000089600000| Untracked 
| 151|0x0000000089700000, 0x0000000089700000, 0x0000000089800000|  0%| F|  |TAMS 0x0000000089700000, 0x0000000089700000| Untracked 
| 152|0x0000000089800000, 0x0000000089800000, 0x0000000089900000|  0%| F|  |TAMS 0x0000000089800000, 0x0000000089800000| Untracked 
| 153|0x0000000089900000, 0x0000000089900000, 0x0000000089a00000|  0%| F|  |TAMS 0x0000000089900000, 0x0000000089900000| Untracked 
| 154|0x0000000089a00000, 0x0000000089a00000, 0x0000000089b00000|  0%| F|  |TAMS 0x0000000089a00000, 0x0000000089a00000| Untracked 
| 155|0x0000000089b00000, 0x0000000089b00000, 0x0000000089c00000|  0%| F|  |TAMS 0x0000000089b00000, 0x0000000089b00000| Untracked 
| 156|0x0000000089c00000, 0x0000000089c00000, 0x0000000089d00000|  0%| F|  |TAMS 0x0000000089c00000, 0x0000000089c00000| Untracked 
| 157|0x0000000089d00000, 0x0000000089d00000, 0x0000000089e00000|  0%| F|  |TAMS 0x0000000089d00000, 0x0000000089d00000| Untracked 
| 158|0x0000000089e00000, 0x0000000089e00000, 0x0000000089f00000|  0%| F|  |TAMS 0x0000000089e00000, 0x0000000089e00000| Untracked 
| 159|0x0000000089f00000, 0x0000000089f00000, 0x000000008a000000|  0%| F|  |TAMS 0x0000000089f00000, 0x0000000089f00000| Untracked 
| 160|0x000000008a000000, 0x000000008a000000, 0x000000008a100000|  0%| F|  |TAMS 0x000000008a000000, 0x000000008a000000| Untracked 
| 161|0x000000008a100000, 0x000000008a100000, 0x000000008a200000|  0%| F|  |TAMS 0x000000008a100000, 0x000000008a100000| Untracked 
| 162|0x000000008a200000, 0x000000008a200000, 0x000000008a300000|  0%| F|  |TAMS 0x000000008a200000, 0x000000008a200000| Untracked 
| 163|0x000000008a300000, 0x000000008a300000, 0x000000008a400000|  0%| F|  |TAMS 0x000000008a300000, 0x000000008a300000| Untracked 
| 164|0x000000008a400000, 0x000000008a400000, 0x000000008a500000|  0%| F|  |TAMS 0x000000008a400000, 0x000000008a400000| Untracked 
| 165|0x000000008a500000, 0x000000008a500000, 0x000000008a600000|  0%| F|  |TAMS 0x000000008a500000, 0x000000008a500000| Untracked 
| 166|0x000000008a600000, 0x000000008a600000, 0x000000008a700000|  0%| F|  |TAMS 0x000000008a600000, 0x000000008a600000| Untracked 
| 167|0x000000008a700000, 0x000000008a700000, 0x000000008a800000|  0%| F|  |TAMS 0x000000008a700000, 0x000000008a700000| Untracked 
| 168|0x000000008a800000, 0x000000008a800000, 0x000000008a900000|  0%| F|  |TAMS 0x000000008a800000, 0x000000008a800000| Untracked 
| 169|0x000000008a900000, 0x000000008a900000, 0x000000008aa00000|  0%| F|  |TAMS 0x000000008a900000, 0x000000008a900000| Untracked 
| 170|0x000000008aa00000, 0x000000008aa00000, 0x000000008ab00000|  0%| F|  |TAMS 0x000000008aa00000, 0x000000008aa00000| Untracked 
| 171|0x000000008ab00000, 0x000000008ab00000, 0x000000008ac00000|  0%| F|  |TAMS 0x000000008ab00000, 0x000000008ab00000| Untracked 
| 172|0x000000008ac00000, 0x000000008ac00000, 0x000000008ad00000|  0%| F|  |TAMS 0x000000008ac00000, 0x000000008ac00000| Untracked 
| 173|0x000000008ad00000, 0x000000008ad00000, 0x000000008ae00000|  0%| F|  |TAMS 0x000000008ad00000, 0x000000008ad00000| Untracked 
| 174|0x000000008ae00000, 0x000000008ae00000, 0x000000008af00000|  0%| F|  |TAMS 0x000000008ae00000, 0x000000008ae00000| Untracked 
| 175|0x000000008af00000, 0x000000008af00000, 0x000000008b000000|  0%| F|  |TAMS 0x000000008af00000, 0x000000008af00000| Untracked 
| 176|0x000000008b000000, 0x000000008b000000, 0x000000008b100000|  0%| F|  |TAMS 0x000000008b000000, 0x000000008b000000| Untracked 
| 177|0x000000008b100000, 0x000000008b100000, 0x000000008b200000|  0%| F|  |TAMS 0x000000008b100000, 0x000000008b100000| Untracked 
| 178|0x000000008b200000, 0x000000008b200000, 0x000000008b300000|  0%| F|  |TAMS 0x000000008b200000, 0x000000008b200000| Untracked 
| 179|0x000000008b300000, 0x000000008b300000, 0x000000008b400000|  0%| F|  |TAMS 0x000000008b300000, 0x000000008b300000| Untracked 
| 180|0x000000008b400000, 0x000000008b400000, 0x000000008b500000|  0%| F|  |TAMS 0x000000008b400000, 0x000000008b400000| Untracked 
| 181|0x000000008b500000, 0x000000008b574c88, 0x000000008b600000| 45%| S|CS|TAMS 0x000000008b500000, 0x000000008b500000| Complete 
| 182|0x000000008b600000, 0x000000008b700000, 0x000000008b700000|100%| S|CS|TAMS 0x000000008b600000, 0x000000008b600000| Complete 
| 183|0x000000008b700000, 0x000000008b800000, 0x000000008b800000|100%| S|CS|TAMS 0x000000008b700000, 0x000000008b700000| Complete 
| 184|0x000000008b800000, 0x000000008b900000, 0x000000008b900000|100%| S|CS|TAMS 0x000000008b800000, 0x000000008b800000| Complete 
| 185|0x000000008b900000, 0x000000008ba00000, 0x000000008ba00000|100%| S|CS|TAMS 0x000000008b900000, 0x000000008b900000| Complete 
| 186|0x000000008ba00000, 0x000000008bb00000, 0x000000008bb00000|100%| S|CS|TAMS 0x000000008ba00000, 0x000000008ba00000| Complete 
| 187|0x000000008bb00000, 0x000000008bc00000, 0x000000008bc00000|100%| S|CS|TAMS 0x000000008bb00000, 0x000000008bb00000| Complete 
| 188|0x000000008bc00000, 0x000000008bd00000, 0x000000008bd00000|100%| S|CS|TAMS 0x000000008bc00000, 0x000000008bc00000| Complete 
| 189|0x000000008bd00000, 0x000000008be00000, 0x000000008be00000|100%| S|CS|TAMS 0x000000008bd00000, 0x000000008bd00000| Complete 
| 190|0x000000008be00000, 0x000000008bf00000, 0x000000008bf00000|100%| S|CS|TAMS 0x000000008be00000, 0x000000008be00000| Complete 
| 191|0x000000008bf00000, 0x000000008c000000, 0x000000008c000000|100%| S|CS|TAMS 0x000000008bf00000, 0x000000008bf00000| Complete 
| 192|0x000000008c000000, 0x000000008c000000, 0x000000008c100000|  0%| F|  |TAMS 0x000000008c000000, 0x000000008c000000| Untracked 
| 193|0x000000008c100000, 0x000000008c100000, 0x000000008c200000|  0%| F|  |TAMS 0x000000008c100000, 0x000000008c100000| Untracked 
| 194|0x000000008c200000, 0x000000008c200000, 0x000000008c300000|  0%| F|  |TAMS 0x000000008c200000, 0x000000008c200000| Untracked 
| 195|0x000000008c300000, 0x000000008c300000, 0x000000008c400000|  0%| F|  |TAMS 0x000000008c300000, 0x000000008c300000| Untracked 
| 196|0x000000008c400000, 0x000000008c400000, 0x000000008c500000|  0%| F|  |TAMS 0x000000008c400000, 0x000000008c400000| Untracked 
| 197|0x000000008c500000, 0x000000008c500000, 0x000000008c600000|  0%| F|  |TAMS 0x000000008c500000, 0x000000008c500000| Untracked 
| 198|0x000000008c600000, 0x000000008c600000, 0x000000008c700000|  0%| F|  |TAMS 0x000000008c600000, 0x000000008c600000| Untracked 
| 199|0x000000008c700000, 0x000000008c700000, 0x000000008c800000|  0%| F|  |TAMS 0x000000008c700000, 0x000000008c700000| Untracked 
| 200|0x000000008c800000, 0x000000008c800000, 0x000000008c900000|  0%| F|  |TAMS 0x000000008c800000, 0x000000008c800000| Untracked 
| 201|0x000000008c900000, 0x000000008c900000, 0x000000008ca00000|  0%| F|  |TAMS 0x000000008c900000, 0x000000008c900000| Untracked 
| 202|0x000000008ca00000, 0x000000008ca00000, 0x000000008cb00000|  0%| F|  |TAMS 0x000000008ca00000, 0x000000008ca00000| Untracked 
| 203|0x000000008cb00000, 0x000000008cb00000, 0x000000008cc00000|  0%| F|  |TAMS 0x000000008cb00000, 0x000000008cb00000| Untracked 
| 204|0x000000008cc00000, 0x000000008cc00000, 0x000000008cd00000|  0%| F|  |TAMS 0x000000008cc00000, 0x000000008cc00000| Untracked 
| 205|0x000000008cd00000, 0x000000008cd00000, 0x000000008ce00000|  0%| F|  |TAMS 0x000000008cd00000, 0x000000008cd00000| Untracked 
| 206|0x000000008ce00000, 0x000000008ce00000, 0x000000008cf00000|  0%| F|  |TAMS 0x000000008ce00000, 0x000000008ce00000| Untracked 
| 207|0x000000008cf00000, 0x000000008cf00000, 0x000000008d000000|  0%| F|  |TAMS 0x000000008cf00000, 0x000000008cf00000| Untracked 
| 208|0x000000008d000000, 0x000000008d000000, 0x000000008d100000|  0%| F|  |TAMS 0x000000008d000000, 0x000000008d000000| Untracked 
| 209|0x000000008d100000, 0x000000008d100000, 0x000000008d200000|  0%| F|  |TAMS 0x000000008d100000, 0x000000008d100000| Untracked 
| 210|0x000000008d200000, 0x000000008d200000, 0x000000008d300000|  0%| F|  |TAMS 0x000000008d200000, 0x000000008d200000| Untracked 
| 211|0x000000008d300000, 0x000000008d300000, 0x000000008d400000|  0%| F|  |TAMS 0x000000008d300000, 0x000000008d300000| Untracked 
| 212|0x000000008d400000, 0x000000008d400000, 0x000000008d500000|  0%| F|  |TAMS 0x000000008d400000, 0x000000008d400000| Untracked 
| 213|0x000000008d500000, 0x000000008d500000, 0x000000008d600000|  0%| F|  |TAMS 0x000000008d500000, 0x000000008d500000| Untracked 
| 214|0x000000008d600000, 0x000000008d600000, 0x000000008d700000|  0%| F|  |TAMS 0x000000008d600000, 0x000000008d600000| Untracked 
| 215|0x000000008d700000, 0x000000008d700000, 0x000000008d800000|  0%| F|  |TAMS 0x000000008d700000, 0x000000008d700000| Untracked 
| 216|0x000000008d800000, 0x000000008d800000, 0x000000008d900000|  0%| F|  |TAMS 0x000000008d800000, 0x000000008d800000| Untracked 
| 217|0x000000008d900000, 0x000000008d900000, 0x000000008da00000|  0%| F|  |TAMS 0x000000008d900000, 0x000000008d900000| Untracked 
| 218|0x000000008da00000, 0x000000008da00000, 0x000000008db00000|  0%| F|  |TAMS 0x000000008da00000, 0x000000008da00000| Untracked 
| 219|0x000000008db00000, 0x000000008db00000, 0x000000008dc00000|  0%| F|  |TAMS 0x000000008db00000, 0x000000008db00000| Untracked 
| 220|0x000000008dc00000, 0x000000008dc00000, 0x000000008dd00000|  0%| F|  |TAMS 0x000000008dc00000, 0x000000008dc00000| Untracked 
| 221|0x000000008dd00000, 0x000000008dd00000, 0x000000008de00000|  0%| F|  |TAMS 0x000000008dd00000, 0x000000008dd00000| Untracked 
| 222|0x000000008de00000, 0x000000008de00000, 0x000000008df00000|  0%| F|  |TAMS 0x000000008de00000, 0x000000008de00000| Untracked 
| 223|0x000000008df00000, 0x000000008df00000, 0x000000008e000000|  0%| F|  |TAMS 0x000000008df00000, 0x000000008df00000| Untracked 
| 224|0x000000008e000000, 0x000000008e000000, 0x000000008e100000|  0%| F|  |TAMS 0x000000008e000000, 0x000000008e000000| Untracked 
| 225|0x000000008e100000, 0x000000008e100000, 0x000000008e200000|  0%| F|  |TAMS 0x000000008e100000, 0x000000008e100000| Untracked 
| 226|0x000000008e200000, 0x000000008e200000, 0x000000008e300000|  0%| F|  |TAMS 0x000000008e200000, 0x000000008e200000| Untracked 
| 227|0x000000008e300000, 0x000000008e300000, 0x000000008e400000|  0%| F|  |TAMS 0x000000008e300000, 0x000000008e300000| Untracked 
| 228|0x000000008e400000, 0x000000008e400000, 0x000000008e500000|  0%| F|  |TAMS 0x000000008e400000, 0x000000008e400000| Untracked 
| 229|0x000000008e500000, 0x000000008e500000, 0x000000008e600000|  0%| F|  |TAMS 0x000000008e500000, 0x000000008e500000| Untracked 
| 230|0x000000008e600000, 0x000000008e600000, 0x000000008e700000|  0%| F|  |TAMS 0x000000008e600000, 0x000000008e600000| Untracked 
| 231|0x000000008e700000, 0x000000008e700000, 0x000000008e800000|  0%| F|  |TAMS 0x000000008e700000, 0x000000008e700000| Untracked 
| 232|0x000000008e800000, 0x000000008e800000, 0x000000008e900000|  0%| F|  |TAMS 0x000000008e800000, 0x000000008e800000| Untracked 
| 233|0x000000008e900000, 0x000000008e900000, 0x000000008ea00000|  0%| F|  |TAMS 0x000000008e900000, 0x000000008e900000| Untracked 
| 234|0x000000008ea00000, 0x000000008ea00000, 0x000000008eb00000|  0%| F|  |TAMS 0x000000008ea00000, 0x000000008ea00000| Untracked 
| 235|0x000000008eb00000, 0x000000008eb00000, 0x000000008ec00000|  0%| F|  |TAMS 0x000000008eb00000, 0x000000008eb00000| Untracked 
| 236|0x000000008ec00000, 0x000000008ec00000, 0x000000008ed00000|  0%| F|  |TAMS 0x000000008ec00000, 0x000000008ec00000| Untracked 
| 237|0x000000008ed00000, 0x000000008ed00000, 0x000000008ee00000|  0%| F|  |TAMS 0x000000008ed00000, 0x000000008ed00000| Untracked 
| 238|0x000000008ee00000, 0x000000008ee00000, 0x000000008ef00000|  0%| F|  |TAMS 0x000000008ee00000, 0x000000008ee00000| Untracked 
| 239|0x000000008ef00000, 0x000000008ef00000, 0x000000008f000000|  0%| F|  |TAMS 0x000000008ef00000, 0x000000008ef00000| Untracked 
| 240|0x000000008f000000, 0x000000008f000000, 0x000000008f100000|  0%| F|  |TAMS 0x000000008f000000, 0x000000008f000000| Untracked 
| 241|0x000000008f100000, 0x000000008f100000, 0x000000008f200000|  0%| F|  |TAMS 0x000000008f100000, 0x000000008f100000| Untracked 
| 242|0x000000008f200000, 0x000000008f200000, 0x000000008f300000|  0%| F|  |TAMS 0x000000008f200000, 0x000000008f200000| Untracked 
| 243|0x000000008f300000, 0x000000008f300000, 0x000000008f400000|  0%| F|  |TAMS 0x000000008f300000, 0x000000008f300000| Untracked 
| 244|0x000000008f400000, 0x000000008f400000, 0x000000008f500000|  0%| F|  |TAMS 0x000000008f400000, 0x000000008f400000| Untracked 
| 245|0x000000008f500000, 0x000000008f500000, 0x000000008f600000|  0%| F|  |TAMS 0x000000008f500000, 0x000000008f500000| Untracked 
| 246|0x000000008f600000, 0x000000008f600000, 0x000000008f700000|  0%| F|  |TAMS 0x000000008f600000, 0x000000008f600000| Untracked 
| 247|0x000000008f700000, 0x000000008f700000, 0x000000008f800000|  0%| F|  |TAMS 0x000000008f700000, 0x000000008f700000| Untracked 
| 248|0x000000008f800000, 0x000000008f800000, 0x000000008f900000|  0%| F|  |TAMS 0x000000008f800000, 0x000000008f800000| Untracked 
| 249|0x000000008f900000, 0x000000008f900000, 0x000000008fa00000|  0%| F|  |TAMS 0x000000008f900000, 0x000000008f900000| Untracked 
| 250|0x000000008fa00000, 0x000000008fa00000, 0x000000008fb00000|  0%| F|  |TAMS 0x000000008fa00000, 0x000000008fa00000| Untracked 
| 251|0x000000008fb00000, 0x000000008fb00000, 0x000000008fc00000|  0%| F|  |TAMS 0x000000008fb00000, 0x000000008fb00000| Untracked 
| 252|0x000000008fc00000, 0x000000008fc00000, 0x000000008fd00000|  0%| F|  |TAMS 0x000000008fc00000, 0x000000008fc00000| Untracked 
| 253|0x000000008fd00000, 0x000000008fe00000, 0x000000008fe00000|100%| E|  |TAMS 0x000000008fd00000, 0x000000008fd00000| Complete 

Card table byte_map: [0x0000027cadef0000,0x0000027cae2f0000] _byte_map_base: 0x0000027cadaf0000

Marking Bits (Prev, Next): (CMBitMap*) 0x0000027c98bd3720, (CMBitMap*) 0x0000027c98bd36e8
 Prev Bits: [0x0000027cb06f0000, 0x0000027cb26f0000)
 Next Bits: [0x0000027cae6f0000, 0x0000027cb06f0000)

Polling page: 0x0000027c9a420000

Metaspace:

Usage:
  Non-class:     34.22 MB capacity,    33.67 MB ( 98%) used,   471.45 KB (  1%) free+waste,    91.25 KB ( <1%) overhead. 
      Class:      5.26 MB capacity,     4.93 MB ( 94%) used,   294.38 KB (  5%) free+waste,    43.88 KB ( <1%) overhead. 
       Both:     39.49 MB capacity,    38.61 MB ( 98%) used,   765.82 KB (  2%) free+waste,   135.13 KB ( <1%) overhead. 

Virtual space:
  Non-class space:       42.00 MB reserved,      34.25 MB ( 82%) committed 
      Class space:        1.00 GB reserved,       5.38 MB ( <1%) committed 
             Both:        1.04 GB reserved,      39.63 MB (  4%) committed 

Chunk freelists:
   Non-Class:  30.00 KB
       Class:  17.00 KB
        Both:  47.00 KB

MaxMetaspaceSize: 17179869184.00 GB
CompressedClassSpaceSize: 1.00 GB

CodeHeap 'non-profiled nmethods': size=120000Kb used=1646Kb max_used=1646Kb free=118353Kb
 bounds [0x0000027ca5920000, 0x0000027ca5b90000, 0x0000027cace50000]
CodeHeap 'profiled nmethods': size=120000Kb used=7373Kb max_used=7373Kb free=112626Kb
 bounds [0x0000027c9e3f0000, 0x0000027c9eb30000, 0x0000027ca5920000]
CodeHeap 'non-nmethods': size=5760Kb used=2200Kb max_used=2228Kb free=3559Kb
 bounds [0x0000027c9de50000, 0x0000027c9e0c0000, 0x0000027c9e3f0000]
 total_blobs=4260 nmethods=3495 adapters=676
 compilation: enabled
              stopped_count=0, restarted_count=0
 full_count=0

Compilation events (20 events):
Event: 5.940 Thread 0x0000027cb5ccd000 3480       3       org.gradle.internal.instantiation.generator.AbstractClassGenerator::isNameProperty (44 bytes)
Event: 5.941 Thread 0x0000027cb5ccd000 nmethod 3480 0x0000027c9eb08390 code [0x0000027c9eb08600, 0x0000027c9eb090b8]
Event: 5.941 Thread 0x0000027cb5ccd000 3481       3       org.gradle.internal.reflect.MutablePropertyDetails::getGetters (8 bytes)
Event: 5.941 Thread 0x0000027cb5ccd000 nmethod 3481 0x0000027c9eb09410 code [0x0000027c9eb09620, 0x0000027c9eb09b18]
Event: 5.941 Thread 0x0000027cb5ccd000 3482       3       org.gradle.internal.reflect.MutablePropertyDetails::getSetters (8 bytes)
Event: 5.942 Thread 0x0000027cb5ccd000 nmethod 3482 0x0000027c9eb09d10 code [0x0000027c9eb09f20, 0x0000027c9eb0a418]
Event: 5.942 Thread 0x0000027cb5ccd000 3483       1       com.google.common.collect.AbstractMapBasedMultimap::access$000 (5 bytes)
Event: 5.942 Thread 0x0000027cb5ccd000 nmethod 3483 0x0000027ca5ab9c10 code [0x0000027ca5ab9dc0, 0x0000027ca5ab9e58]
Event: 5.942 Thread 0x0000027cb5ccd000 3484       3       org.objectweb.asm.FieldWriter::computeFieldInfoSize (86 bytes)
Event: 5.942 Thread 0x0000027cb5ccd000 nmethod 3484 0x0000027c9eb0a610 code [0x0000027c9eb0a800, 0x0000027c9eb0ab58]
Event: 5.942 Thread 0x0000027cb5ccd000 3485       3       org.objectweb.asm.FieldWriter::putFieldInfo (269 bytes)
Event: 5.943 Thread 0x0000027cb5ccd000 nmethod 3485 0x0000027c9eb0ad10 code [0x0000027c9eb0afc0, 0x0000027c9eb0b9c8]
Event: 5.945 Thread 0x0000027cb5ccd000 3486       3       java.lang.invoke.MethodHandles$Lookup::getDirectMethod (18 bytes)
Event: 5.945 Thread 0x0000027cb5ccd000 nmethod 3486 0x0000027c9eb0bd90 code [0x0000027c9eb0bf40, 0x0000027c9eb0c088]
Event: 5.955 Thread 0x0000027cb5ccd000 3488       3       java.util.regex.Matcher::end (67 bytes)
Event: 5.955 Thread 0x0000027cb5ccd000 nmethod 3488 0x0000027c9eb0c190 code [0x0000027c9eb0c420, 0x0000027c9eb0ce88]
Event: 5.956 Thread 0x0000027cb5ccd000 3489       3       java.lang.ModuleLayer::boot (4 bytes)
Event: 5.956 Thread 0x0000027cb5ccd000 nmethod 3489 0x0000027c9eb0d290 code [0x0000027c9eb0d440, 0x0000027c9eb0d538]
Event: 5.956 Thread 0x0000027cb5ccd000 3490       1       java.lang.StackTraceElement::getClassName (5 bytes)
Event: 5.956 Thread 0x0000027cb5ccd000 nmethod 3490 0x0000027ca5ab9f10 code [0x0000027ca5aba0c0, 0x0000027ca5aba178]

GC Heap History (8 events):
Event: 0.706 GC heap before
{Heap before GC invocations=0 (full 0):
 garbage-first heap   total 260096K, used 29696K [0x0000000080000000, 0x0000000100000000)
  region size 1024K, 24 young (24576K), 0 survivors (0K)
 Metaspace       used 9794K, capacity 9986K, committed 10112K, reserved 1058816K
  class space    used 1022K, capacity 1102K, committed 1152K, reserved 1048576K
}
Event: 0.710 GC heap after
{Heap after GC invocations=1 (full 0):
 garbage-first heap   total 260096K, used 9351K [0x0000000080000000, 0x0000000100000000)
  region size 1024K, 3 young (3072K), 3 survivors (3072K)
 Metaspace       used 9794K, capacity 9986K, committed 10112K, reserved 1058816K
  class space    used 1022K, capacity 1102K, committed 1152K, reserved 1048576K
}
Event: 2.550 GC heap before
{Heap before GC invocations=1 (full 0):
 garbage-first heap   total 260096K, used 106631K [0x0000000080000000, 0x0000000100000000)
  region size 1024K, 98 young (100352K), 3 survivors (3072K)
 Metaspace       used 20632K, capacity 21118K, committed 21248K, reserved 1067008K
  class space    used 2520K, capacity 2720K, committed 2816K, reserved 1048576K
}
Event: 2.565 GC heap after
{Heap after GC invocations=2 (full 0):
 garbage-first heap   total 260096K, used 16338K [0x0000000080000000, 0x0000000100000000)
  region size 1024K, 10 young (10240K), 10 survivors (10240K)
 Metaspace       used 20632K, capacity 21118K, committed 21248K, reserved 1067008K
  class space    used 2520K, capacity 2720K, committed 2816K, reserved 1048576K
}
Event: 3.188 GC heap before
{Heap before GC invocations=3 (full 0):
 garbage-first heap   total 260096K, used 54226K [0x0000000080000000, 0x0000000100000000)
  region size 1024K, 47 young (48128K), 10 survivors (10240K)
 Metaspace       used 24290K, capacity 24852K, committed 24960K, reserved 1071104K
  class space    used 3127K, capacity 3351K, committed 3456K, reserved 1048576K
}
Event: 3.196 GC heap after
{Heap after GC invocations=4 (full 0):
 garbage-first heap   total 260096K, used 18458K [0x0000000080000000, 0x0000000100000000)
  region size 1024K, 2 young (2048K), 2 survivors (2048K)
 Metaspace       used 24290K, capacity 24852K, committed 24960K, reserved 1071104K
  class space    used 3127K, capacity 3351K, committed 3456K, reserved 1048576K
}
Event: 4.951 GC heap before
{Heap before GC invocations=4 (full 0):
 garbage-first heap   total 260096K, used 91162K [0x0000000080000000, 0x0000000100000000)
  region size 1024K, 74 young (75776K), 2 survivors (2048K)
 Metaspace       used 35043K, capacity 35830K, committed 35840K, reserved 1081344K
  class space    used 4540K, capacity 4864K, committed 4864K, reserved 1048576K
}
Event: 4.957 GC heap after
{Heap after GC invocations=5 (full 0):
 garbage-first heap   total 260096K, used 22227K [0x0000000080000000, 0x0000000100000000)
  region size 1024K, 6 young (6144K), 6 survivors (6144K)
 Metaspace       used 35043K, capacity 35830K, committed 35840K, reserved 1081344K
  class space    used 4540K, capacity 4864K, committed 4864K, reserved 1048576K
}

Deoptimization events (20 events):
Event: 5.473 Thread 0x0000027cb5cd5000 DEOPT PACKING pc=0x0000027ca5a821ec sp=0x000000b9ab0f7f50
Event: 5.473 Thread 0x0000027cb5cd5000 DEOPT UNPACKING pc=0x0000027c9de778af sp=0x000000b9ab0f7e80 mode 2
Event: 5.623 Thread 0x0000027cb5cd5000 Uncommon trap: trap_request=0xffffffbe fr.pc=0x0000027ca5aac2b8 relative=0x0000000000003d18
Event: 5.623 Thread 0x0000027cb5cd5000 Uncommon trap: reason=profile_predicate action=maybe_recompile pc=0x0000027ca5aac2b8 method=java.util.AbstractCollection.addAll(Ljava/util/Collection;)Z @ 15 c2
Event: 5.623 Thread 0x0000027cb5cd5000 DEOPT PACKING pc=0x0000027ca5aac2b8 sp=0x000000b9ab0f9690
Event: 5.623 Thread 0x0000027cb5cd5000 DEOPT UNPACKING pc=0x0000027c9de778af sp=0x000000b9ab0f96a8 mode 2
Event: 5.671 Thread 0x0000027cb5cd5000 Uncommon trap: trap_request=0xffffffbe fr.pc=0x0000027ca5aac2b8 relative=0x0000000000003d18
Event: 5.671 Thread 0x0000027cb5cd5000 Uncommon trap: reason=profile_predicate action=maybe_recompile pc=0x0000027ca5aac2b8 method=java.util.AbstractCollection.addAll(Ljava/util/Collection;)Z @ 15 c2
Event: 5.671 Thread 0x0000027cb5cd5000 DEOPT PACKING pc=0x0000027ca5aac2b8 sp=0x000000b9ab0f8580
Event: 5.671 Thread 0x0000027cb5cd5000 DEOPT UNPACKING pc=0x0000027c9de778af sp=0x000000b9ab0f8598 mode 2
Event: 5.676 Thread 0x0000027cb5cd5000 Uncommon trap: trap_request=0xffffffbe fr.pc=0x0000027ca5aac2b8 relative=0x0000000000003d18
Event: 5.676 Thread 0x0000027cb5cd5000 Uncommon trap: reason=profile_predicate action=maybe_recompile pc=0x0000027ca5aac2b8 method=java.util.AbstractCollection.addAll(Ljava/util/Collection;)Z @ 15 c2
Event: 5.676 Thread 0x0000027cb5cd5000 DEOPT PACKING pc=0x0000027ca5aac2b8 sp=0x000000b9ab0f88a0
Event: 5.676 Thread 0x0000027cb5cd5000 DEOPT UNPACKING pc=0x0000027c9de778af sp=0x000000b9ab0f88b8 mode 2
Event: 5.691 Thread 0x0000027cb5cd5000 Uncommon trap: trap_request=0xffffffbe fr.pc=0x0000027ca5aac2b8 relative=0x0000000000003d18
Event: 5.691 Thread 0x0000027cb5cd5000 Uncommon trap: reason=profile_predicate action=maybe_recompile pc=0x0000027ca5aac2b8 method=java.util.AbstractCollection.addAll(Ljava/util/Collection;)Z @ 15 c2
Event: 5.691 Thread 0x0000027cb5cd5000 DEOPT PACKING pc=0x0000027ca5aac2b8 sp=0x000000b9ab0f8740
Event: 5.691 Thread 0x0000027cb5cd5000 DEOPT UNPACKING pc=0x0000027c9de778af sp=0x000000b9ab0f8758 mode 2
Event: 5.905 Thread 0x0000027cb5cd5000 DEOPT PACKING pc=0x0000027c9e8306f6 sp=0x000000b9ab0ee810
Event: 5.905 Thread 0x0000027cb5cd5000 DEOPT UNPACKING pc=0x0000027c9de776ce sp=0x000000b9ab0edd30 mode 0

Classes redefined (0 events):
No events

Internal exceptions (20 events):
Event: 5.685 Thread 0x0000027cb5cd5000 Exception <a 'java/lang/ClassNotFoundException'{0x000000008d20e0c0}: org/gradle/api/internal/provider/DefaultPropertyBeanInfo> (0x000000008d20e0c0) thrown at [./src/hotspot/share/classfile/systemDictionary.cpp, line 231]
Event: 5.685 Thread 0x0000027cb5cd5000 Exception <a 'java/lang/ClassNotFoundException'{0x000000008d237260}: org/gradle/api/internal/provider/AbstractPropertyBeanInfo> (0x000000008d237260) thrown at [./src/hotspot/share/classfile/systemDictionary.cpp, line 231]
Event: 5.685 Thread 0x0000027cb5cd5000 Exception <a 'java/lang/ClassNotFoundException'{0x000000008d2624b8}: org/gradle/api/internal/provider/AbstractMinimalProviderBeanInfo> (0x000000008d2624b8) thrown at [./src/hotspot/share/classfile/systemDictionary.cpp, line 231]
Event: 5.686 Thread 0x0000027cb5cd5000 Exception <a 'java/lang/ClassNotFoundException'{0x000000008d28e720}: org/gradle/api/internal/provider/AbstractMinimalProviderCustomizer> (0x000000008d28e720) thrown at [./src/hotspot/share/classfile/systemDictionary.cpp, line 231]
Event: 5.689 Thread 0x0000027cb5cd5000 Exception <a 'java/lang/ClassNotFoundException'{0x000000008d2f1d90}: org/gradle/api/internal/provider/AbstractPropertyCustomizer> (0x000000008d2f1d90) thrown at [./src/hotspot/share/classfile/systemDictionary.cpp, line 231]
Event: 5.690 Thread 0x0000027cb5cd5000 Exception <a 'java/lang/ClassNotFoundException'{0x000000008d127a48}: org/gradle/api/internal/provider/DefaultPropertyCustomizer> (0x000000008d127a48) thrown at [./src/hotspot/share/classfile/systemDictionary.cpp, line 231]
Event: 5.823 Thread 0x0000027cb5cd5000 Exception <a 'java/lang/ClassNotFoundException'{0x000000008cb0c630}: org/gradle/api/internal/artifacts/dsl/DefaultRepositoryHandler_DecoratedBeanInfo> (0x000000008cb0c630) thrown at [./src/hotspot/share/classfile/systemDictionary.cpp, line 231]
Event: 5.824 Thread 0x0000027cb5cd5000 Exception <a 'java/lang/ClassNotFoundException'{0x000000008cb4a348}: org/gradle/api/internal/artifacts/dsl/DefaultRepositoryHandlerBeanInfo> (0x000000008cb4a348) thrown at [./src/hotspot/share/classfile/systemDictionary.cpp, line 231]
Event: 5.825 Thread 0x0000027cb5cd5000 Exception <a 'java/lang/ClassNotFoundException'{0x000000008cb8a970}: org/gradle/api/internal/artifacts/DefaultArtifactRepositoryContainerBeanInfo> (0x000000008cb8a970) thrown at [./src/hotspot/share/classfile/systemDictionary.cpp, line 231]
Event: 5.825 Thread 0x0000027cb5cd5000 Exception <a 'java/lang/ClassNotFoundException'{0x000000008cbb7a18}: org/gradle/api/internal/DefaultNamedDomainObjectListBeanInfo> (0x000000008cbb7a18) thrown at [./src/hotspot/share/classfile/systemDictionary.cpp, line 231]
Event: 5.826 Thread 0x0000027cb5cd5000 Exception <a 'java/lang/ClassNotFoundException'{0x000000008cbe65a8}: org/gradle/api/internal/DefaultNamedDomainObjectCollectionBeanInfo> (0x000000008cbe65a8) thrown at [./src/hotspot/share/classfile/systemDictionary.cpp, line 231]
Event: 5.827 Thread 0x0000027cb5cd5000 Exception <a 'java/lang/ClassNotFoundException'{0x000000008ca14c58}: org/gradle/api/internal/DefaultDomainObjectCollectionBeanInfo> (0x000000008ca14c58) thrown at [./src/hotspot/share/classfile/systemDictionary.cpp, line 231]
Event: 5.827 Thread 0x0000027cb5cd5000 Exception <a 'java/lang/ClassNotFoundException'{0x000000008ca1ae90}: java/util/AbstractCollectionBeanInfo> (0x000000008ca1ae90) thrown at [./src/hotspot/share/classfile/systemDictionary.cpp, line 231]
Event: 5.827 Thread 0x0000027cb5cd5000 Exception <a 'java/lang/ClassNotFoundException'{0x000000008ca21610}: java/util/AbstractCollectionCustomizer> (0x000000008ca21610) thrown at [./src/hotspot/share/classfile/systemDictionary.cpp, line 231]
Event: 5.829 Thread 0x0000027cb5cd5000 Exception <a 'java/lang/ClassNotFoundException'{0x000000008ca58430}: org/gradle/api/internal/DefaultDomainObjectCollectionCustomizer> (0x000000008ca58430) thrown at [./src/hotspot/share/classfile/systemDictionary.cpp, line 231]
Event: 5.831 Thread 0x0000027cb5cd5000 Exception <a 'java/lang/ClassNotFoundException'{0x000000008caa4168}: org/gradle/api/internal/DefaultNamedDomainObjectCollectionCustomizer> (0x000000008caa4168) thrown at [./src/hotspot/share/classfile/systemDictionary.cpp, line 231]
Event: 5.842 Thread 0x0000027cb5cd5000 Exception <a 'java/lang/ClassNotFoundException'{0x000000008c920cf0}: org/gradle/api/internal/DefaultNamedDomainObjectListCustomizer> (0x000000008c920cf0) thrown at [./src/hotspot/share/classfile/systemDictionary.cpp, line 231]
Event: 5.844 Thread 0x0000027cb5cd5000 Exception <a 'java/lang/ClassNotFoundException'{0x000000008c97abe8}: org/gradle/api/internal/artifacts/DefaultArtifactRepositoryContainerCustomizer> (0x000000008c97abe8) thrown at [./src/hotspot/share/classfile/systemDictionary.cpp, line 231]
Event: 5.845 Thread 0x0000027cb5cd5000 Exception <a 'java/lang/ClassNotFoundException'{0x000000008c9ca1e8}: org/gradle/api/internal/artifacts/dsl/DefaultRepositoryHandlerCustomizer> (0x000000008c9ca1e8) thrown at [./src/hotspot/share/classfile/systemDictionary.cpp, line 231]
Event: 5.846 Thread 0x0000027cb5cd5000 Exception <a 'java/lang/ClassNotFoundException'{0x000000008c82cf38}: org/gradle/api/internal/artifacts/dsl/DefaultRepositoryHandler_DecoratedCustomizer> (0x000000008c82cf38) thrown at [./src/hotspot/share/classfile/systemDictionary.cpp, line 231]

Events (20 events):
Event: 5.951 loading class org/gradle/internal/deprecation/Documentation$UserGuide
Event: 5.951 loading class org/gradle/internal/deprecation/Documentation$UserGuide done
Event: 5.951 loading class org/gradle/internal/deprecation/Documentation$UpgradeGuide
Event: 5.951 loading class org/gradle/internal/deprecation/Documentation$UpgradeGuide done
Event: 5.951 loading class org/gradle/internal/deprecation/Documentation$DslReference
Event: 5.951 loading class org/gradle/internal/deprecation/Documentation$DslReference done
Event: 5.952 loading class org/gradle/internal/deprecation/DeprecatedFeatureUsage$Type
Event: 5.952 loading class org/gradle/internal/deprecation/DeprecatedFeatureUsage$Type done
Event: 5.953 loading class org/gradle/internal/deprecation/DeprecationTimeline
Event: 5.953 loading class org/gradle/internal/deprecation/DeprecationTimeline done
Event: 5.953 loading class org/gradle/internal/deprecation/DeprecationMessageBuilder$WithDeprecationTimeline
Event: 5.953 loading class org/gradle/internal/deprecation/DeprecationMessageBuilder$WithDeprecationTimeline done
Event: 5.953 loading class org/gradle/internal/deprecation/DeprecationMessageBuilder$WithDocumentation
Event: 5.953 loading class org/gradle/internal/deprecation/DeprecationMessageBuilder$WithDocumentation done
Event: 5.954 loading class org/gradle/internal/deprecation/DeprecationMessage
Event: 5.954 loading class org/gradle/internal/deprecation/DeprecationMessage done
Event: 5.955 loading class java/lang/StackTraceElement$HashedModules
Event: 5.956 loading class java/lang/StackTraceElement$HashedModules done
Event: 5.956 loading class org/gradle/internal/featurelifecycle/DefaultDeprecatedUsageProgressDetails
Event: 5.956 loading class org/gradle/internal/featurelifecycle/DefaultDeprecatedUsageProgressDetails done


Dynamic libraries:
0x00007ff7cf700000 - 0x00007ff7cf70a000 	C:\Program Files\Android\Android Studio\jre\bin\java.exe
0x00007ffb50620000 - 0x00007ffb50829000 	C:\WINDOWS\SYSTEM32\ntdll.dll
0x00007ffb4f280000 - 0x00007ffb4f33d000 	C:\WINDOWS\System32\KERNEL32.DLL
0x00007ffb4df00000 - 0x00007ffb4e279000 	C:\WINDOWS\System32\KERNELBASE.dll
0x00007ffb4e320000 - 0x00007ffb4e431000 	C:\WINDOWS\System32\ucrtbase.dll
0x00007ffb3b1a0000 - 0x00007ffb3b1b7000 	C:\Program Files\Android\Android Studio\jre\bin\VCRUNTIME140.dll
0x00007ffb35190000 - 0x00007ffb351a9000 	C:\Program Files\Android\Android Studio\jre\bin\jli.dll
0x00007ffb4e6b0000 - 0x00007ffb4e85c000 	C:\WINDOWS\System32\USER32.dll
0x00007ffb3aef0000 - 0x00007ffb3b195000 	C:\WINDOWS\WinSxS\amd64_microsoft.windows.common-controls_6595b64144ccf1df_6.0.22000.120_none_9d947278b86cc467\COMCTL32.dll
0x00007ffb4dcf0000 - 0x00007ffb4dd16000 	C:\WINDOWS\System32\win32u.dll
0x00007ffb50340000 - 0x00007ffb503e3000 	C:\WINDOWS\System32\msvcrt.dll
0x00007ffb4fb50000 - 0x00007ffb4fb79000 	C:\WINDOWS\System32\GDI32.dll
0x00007ffb4dd20000 - 0x00007ffb4de32000 	C:\WINDOWS\System32\gdi32full.dll
0x00007ffb4e280000 - 0x00007ffb4e31d000 	C:\WINDOWS\System32\msvcp_win.dll
0x00007ffb50460000 - 0x00007ffb50491000 	C:\WINDOWS\System32\IMM32.DLL
0x00007ffb186c0000 - 0x00007ffb1875d000 	C:\Program Files\Android\Android Studio\jre\bin\msvcp140.dll
0x00007ffac73b0000 - 0x00007ffac7e7f000 	C:\Program Files\Android\Android Studio\jre\bin\server\jvm.dll
0x00007ffb4f430000 - 0x00007ffb4f4de000 	C:\WINDOWS\System32\ADVAPI32.dll
0x00007ffb4f1c0000 - 0x00007ffb4f25e000 	C:\WINDOWS\System32\sechost.dll
0x00007ffb504c0000 - 0x00007ffb505e0000 	C:\WINDOWS\System32\RPCRT4.dll
0x00007ffb4eab0000 - 0x00007ffb4eab8000 	C:\WINDOWS\System32\PSAPI.DLL
0x00007ffb37650000 - 0x00007ffb37659000 	C:\WINDOWS\SYSTEM32\WSOCK32.dll
0x00007ffb39a10000 - 0x00007ffb39a43000 	C:\WINDOWS\SYSTEM32\WINMM.dll
0x00007ffb498a0000 - 0x00007ffb498aa000 	C:\WINDOWS\SYSTEM32\VERSION.dll
0x00007ffb4ea40000 - 0x00007ffb4eaaf000 	C:\WINDOWS\System32\WS2_32.dll
0x00007ffb4ccf0000 - 0x00007ffb4cd08000 	C:\WINDOWS\SYSTEM32\kernel.appcore.dll
0x00007ffb493d0000 - 0x00007ffb493e1000 	C:\Program Files\Android\Android Studio\jre\bin\verify.dll
0x00007ffb48a30000 - 0x00007ffb48c51000 	C:\WINDOWS\SYSTEM32\DBGHELP.DLL
0x00007ffb48860000 - 0x00007ffb48891000 	C:\WINDOWS\SYSTEM32\dbgcore.DLL
0x00007ffb4db00000 - 0x00007ffb4db7f000 	C:\WINDOWS\System32\bcryptPrimitives.dll
0x00007ffb3f060000 - 0x00007ffb3f089000 	C:\Program Files\Android\Android Studio\jre\bin\java.dll
0x00007ffb4b130000 - 0x00007ffb4b13b000 	C:\Program Files\Android\Android Studio\jre\bin\jimage.dll
0x00007ffb46e50000 - 0x00007ffb46e68000 	C:\Program Files\Android\Android Studio\jre\bin\zip.dll
0x00007ffb4fb80000 - 0x00007ffb50338000 	C:\WINDOWS\System32\SHELL32.dll
0x00007ffb4bc80000 - 0x00007ffb4c4e8000 	C:\WINDOWS\SYSTEM32\windows.storage.dll
0x00007ffb4f680000 - 0x00007ffb4f9f9000 	C:\WINDOWS\System32\combase.dll
0x00007ffb4bb10000 - 0x00007ffb4bc76000 	C:\WINDOWS\SYSTEM32\wintypes.dll
0x00007ffb4fa60000 - 0x00007ffb4fb4a000 	C:\WINDOWS\System32\SHCORE.dll
0x00007ffb4e4b0000 - 0x00007ffb4e50d000 	C:\WINDOWS\System32\shlwapi.dll
0x00007ffb4da30000 - 0x00007ffb4da51000 	C:\WINDOWS\SYSTEM32\profapi.dll
0x00007ffb3f0f0000 - 0x00007ffb3f10a000 	C:\Program Files\Android\Android Studio\jre\bin\net.dll
0x00007ffb49e90000 - 0x00007ffb49f9c000 	C:\WINDOWS\SYSTEM32\WINHTTP.dll
0x00007ffb4d120000 - 0x00007ffb4d187000 	C:\WINDOWS\system32\mswsock.dll
0x00007ffb3f040000 - 0x00007ffb3f054000 	C:\Program Files\Android\Android Studio\jre\bin\nio.dll
0x00007ffb3cb10000 - 0x00007ffb3cb37000 	C:\Users\rayan\.gradle\native\8bec1ad78214c89d9ad589b4d07fe93259594b29d510b10fafb7a158f7737e5d\windows-amd64\native-platform.dll
0x00007ffb167e0000 - 0x00007ffb1691d000 	C:\Users\rayan\.gradle\native\53dbd7edfb1c66fb8903c78663c9afc45aea4f116125fa6feffd364cf09443e8\windows-amd64\native-platform-file-events.dll
0x00007ffb496c0000 - 0x00007ffb496ca000 	C:\Program Files\Android\Android Studio\jre\bin\management.dll
0x00007ffb47d30000 - 0x00007ffb47d3c000 	C:\Program Files\Android\Android Studio\jre\bin\management_ext.dll
0x00007ffb4d360000 - 0x00007ffb4d378000 	C:\WINDOWS\SYSTEM32\CRYPTSP.dll
0x00007ffb4cc50000 - 0x00007ffb4cc85000 	C:\WINDOWS\system32\rsaenh.dll
0x00007ffb4d210000 - 0x00007ffb4d239000 	C:\WINDOWS\SYSTEM32\USERENV.dll
0x00007ffb4d4e0000 - 0x00007ffb4d507000 	C:\WINDOWS\SYSTEM32\bcrypt.dll
0x00007ffb4d380000 - 0x00007ffb4d38c000 	C:\WINDOWS\SYSTEM32\CRYPTBASE.dll
0x00007ffb4c820000 - 0x00007ffb4c84d000 	C:\WINDOWS\SYSTEM32\IPHLPAPI.DLL
0x00007ffb4f270000 - 0x00007ffb4f279000 	C:\WINDOWS\System32\NSI.dll
0x00007ffb49bd0000 - 0x00007ffb49be9000 	C:\WINDOWS\SYSTEM32\dhcpcsvc6.DLL
0x00007ffb4a150000 - 0x00007ffb4a16e000 	C:\WINDOWS\SYSTEM32\dhcpcsvc.DLL
0x00007ffb4c850000 - 0x00007ffb4c938000 	C:\WINDOWS\SYSTEM32\DNSAPI.dll

dbghelp: loaded successfully - version: 4.0.5 - missing functions: none
symbol engine: initialized successfully - sym options: 0x614 - pdb path: .;C:\Program Files\Android\Android Studio\jre\bin;C:\WINDOWS\SYSTEM32;C:\WINDOWS\WinSxS\amd64_microsoft.windows.common-controls_6595b64144ccf1df_6.0.22000.120_none_9d947278b86cc467;C:\Program Files\Android\Android Studio\jre\bin\server;C:\Users\rayan\.gradle\native\8bec1ad78214c89d9ad589b4d07fe93259594b29d510b10fafb7a158f7737e5d\windows-amd64;C:\Users\rayan\.gradle\native\53dbd7edfb1c66fb8903c78663c9afc45aea4f116125fa6feffd364cf09443e8\windows-amd64

VM Arguments:
jvm_args: --add-opens=java.base/java.util=ALL-UNNAMED --add-opens=java.base/java.lang=ALL-UNNAMED --add-opens=java.base/java.lang.invoke=ALL-UNNAMED --add-opens=java.base/java.util=ALL-UNNAMED --add-opens=java.prefs/java.util.prefs=ALL-UNNAMED --add-opens=java.prefs/java.util.prefs=ALL-UNNAMED --add-opens=java.base/java.nio.charset=ALL-UNNAMED --add-opens=java.base/java.net=ALL-UNNAMED --add-opens=java.base/java.util.concurrent.atomic=ALL-UNNAMED -Xmx2048m -Dfile.encoding=UTF-8 -Duser.country=US -Duser.language=en -Duser.variant 
java_command: org.gradle.launcher.daemon.bootstrap.GradleDaemon 7.0.2
java_class_path (initial): C:\Users\rayan\.gradle\wrapper\dists\gradle-7.0.2-bin\857tjihv64xamwrf0h14cai3r\gradle-7.0.2\lib\gradle-launcher-7.0.2.jar
Launcher Type: SUN_STANDARD

[Global flags]
     intx CICompilerCount                          = 4                                         {product} {ergonomic}
     uint ConcGCThreads                            = 3                                         {product} {ergonomic}
     uint G1ConcRefinementThreads                  = 10                                        {product} {ergonomic}
   size_t G1HeapRegionSize                         = 1048576                                   {product} {ergonomic}
    uintx GCDrainStackTargetSize                   = 64                                        {product} {ergonomic}
   size_t InitialHeapSize                          = 266338304                                 {product} {ergonomic}
   size_t MarkStackSize                            = 4194304                                   {product} {ergonomic}
   size_t MaxHeapSize                              = 2147483648                                {product} {command line}
   size_t MaxNewSize                               = 1287651328                                {product} {ergonomic}
   size_t MinHeapDeltaBytes                        = 1048576                                   {product} {ergonomic}
    uintx NonNMethodCodeHeapSize                   = 5836300                                {pd product} {ergonomic}
    uintx NonProfiledCodeHeapSize                  = 122910970                              {pd product} {ergonomic}
    uintx ProfiledCodeHeapSize                     = 122910970                              {pd product} {ergonomic}
    uintx ReservedCodeCacheSize                    = 251658240                              {pd product} {ergonomic}
     bool SegmentedCodeCache                       = true                                      {product} {ergonomic}
     bool UseCompressedClassPointers               = true                                 {lp64_product} {ergonomic}
     bool UseCompressedOops                        = true                                 {lp64_product} {ergonomic}
     bool UseG1GC                                  = true                                      {product} {ergonomic}
     bool UseLargePagesIndividualAllocation        = false                                  {pd product} {ergonomic}

Logging:
Log output configuration:
 #0: stdout all=warning uptime,level,tags
 #1: stderr all=off uptime,level,tags

Environment Variables:
PATH=C:\ProgramData\Oracle\Java\javapath;C:\Windows\system32;C:\Windows;C:\Windows\System32\Wbem;C:\Windows\System32\WindowsPowerShell\v1.0\;C:\Windows\System32\OpenSSH\;C:\Program Files (x86)\Intel\Intel(R) Management Engine Components\DAL;C:\Program Files\Intel\Intel(R) Management Engine Components\DAL;C:\Program Files (x86)\NVIDIA Corporation\PhysX\Common;C:\Program Files\NVIDIA Corporation\NVIDIA NvDLISR;C:\WINDOWS\system32;C:\WINDOWS;C:\WINDOWS\System32\Wbem;C:\WINDOWS\System32\WindowsPowerShell\v1.0\;C:\WINDOWS\System32\OpenSSH\;C:\Program Files\CMake\bin;C:\Program Files\dotnet\;C:\Program Files\Cloudflare\Cloudflare WARP;C:\Program Files\Git LFS;C:\Users\rayan\AppData\Local\Microsoft\WindowsApps;C:\Users\rayan\AppData\Local\Programs\Microsoft VS Code\bin;C:\Users\rayan\AppData\Local\GitHubDesktop\bin;
USERNAME=rayan
OS=Windows_NT
PROCESSOR_IDENTIFIER=Intel64 Family 6 Model 158 Stepping 13, GenuineIntel



---------------  S Y S T E M  ---------------

OS: Windows 10 , 64 bit Build 22000 (10.0.22000.708)
OS uptime: 18 days 12:44 hours

CPU:total 12 (initial active 12) (6 cores per cpu, 2 threads per core) family 6 model 158 stepping 13 microcode 0xde, cmov, cx8, fxsr, mmx, sse, sse2, sse3, ssse3, sse4.1, sse4.2, popcnt, avx, avx2, aes, clmul, erms, 3dnowpref, lzcnt, ht, tsc, tscinvbit, bmi1, bmi2, adx, fma

Memory: 4k page, system-wide physical 16228M (14M free)
TotalPageFile size 65380M (AvailPageFile size 0M)
current process WorkingSet (physical memory assigned to process): 251M, peak: 265M
current process commit charge ("private bytes"): 430M, peak: 438M

vm_info: OpenJDK 64-Bit Server VM (11.0.10+0-b96-7249189) for windows-amd64 JRE (11.0.10+0-b96-7249189), built on Mar 31 2021 21:44:00 by "builder" with MS VC++ 14.0 (VS2015)

END.
